#
# There is insufficient memory for the Java Runtime Environment to continue.
# Native memory allocation (mmap) failed to map 264241152 bytes for G1 virtual space
# Possible reasons:
#   The system is out of physical RAM or swap space
#   The process is running with CompressedOops enabled, and the Java Heap may be blocking the growth of the native heap
# Possible solutions:
#   Reduce memory load on the system
#   Increase physical memory or swap space
#   Check if swap backing store is full
#   Decrease Java heap size (-Xmx/-Xms)
#   Decrease number of Java threads
#   Decrease Java thread stack sizes (-Xss)
#   Set larger code cache with -XX:ReservedCodeCacheSize=
#   JVM is running with Zero Based Compressed Oops mode in which the Java heap is
#     placed in the first 32GB address space. The Java Heap base address is the
#     maximum limit for the native heap growth. Please use -XX:HeapBaseMinAddress
#     to set the Java Heap base and to place the Java Heap above 32GB virtual address.
# This output file may be truncated or incomplete.
#
#  Out of Memory Error (os_windows.cpp:3559), pid=18156, tid=22368
#
# JRE version:  (17.0.7+7) (build )
# Java VM: OpenJDK 64-Bit Server VM (17.0.7+7, mixed mode, sharing, tiered, compressed oops, compressed class ptrs, g1 gc, windows-amd64)
# No core dump will be written. Minidumps are not enabled by default on client versions of Windows
#

---------------  S U M M A R Y ------------

Command Line: -Dfile.encoding=UTF-8 -XX:+ShowCodeDetailsInExceptionMessages MainPart.Home

Host: 11th Gen Intel(R) Core(TM) i5-1135G7 @ 2.40GHz, 8 cores, 15G,  Windows 11 , 64 bit Build 22621 (10.0.22621.1635)
Time: Tue Jun 27 20:16:20 2023  Windows 11 , 64 bit Build 22621 (10.0.22621.1635) elapsed time: 0.012097 seconds (0d 0h 0m 0s)

---------------  T H R E A D  ---------------

Current thread (0x000002277a247330):  JavaThread "Unknown thread" [_thread_in_vm, id=22368, stack(0x00000035a1200000,0x00000035a1300000)]

Stack: [0x00000035a1200000,0x00000035a1300000]
Native frames: (J=compiled Java code, j=interpreted, Vv=VM code, C=native code)
V  [jvm.dll+0x67754a]
V  [jvm.dll+0x834304]
V  [jvm.dll+0x835aae]
V  [jvm.dll+0x836113]
V  [jvm.dll+0x24696f]
V  [jvm.dll+0x6743f9]
V  [jvm.dll+0x668c8a]
V  [jvm.dll+0x3061bb]
V  [jvm.dll+0x30d6a6]
V  [jvm.dll+0x35cece]
V  [jvm.dll+0x35d0ff]
V  [jvm.dll+0x2dd048]
V  [jvm.dll+0x2ddfb4]
V  [jvm.dll+0x8066d1]
V  [jvm.dll+0x36ac91]
V  [jvm.dll+0x7e5cec]
V  [jvm.dll+0x3ed56f]
V  [jvm.dll+0x3ef0a1]
C  [jli.dll+0x528b]
C  [ucrtbase.dll+0x29363]
C  [KERNEL32.DLL+0x126ad]
C  [ntdll.dll+0x5a9f8]


---------------  P R O C E S S  ---------------

Threads class SMR info:
_java_thread_list=0x00007ff830297018, length=0, elements={
}

Java Threads: ( => current thread )

Other Threads:
  0x000002277a2b2510 GCTaskThread "GC Thread#0" [stack: 0x00000035a1300000,0x00000035a1400000] [id=40472]
  0x000002277a2c48e0 ConcurrentGCThread "G1 Main Marker" [stack: 0x00000035a1400000,0x00000035a1500000] [id=34500]
  0x000002277a2c52f0 ConcurrentGCThread "G1 Conc#0" [stack: 0x00000035a1500000,0x00000035a1600000] [id=9708]

[error occurred during error reporting (printing all threads), id 0xc0000005, EXCEPTION_ACCESS_VIOLATION (0xc0000005) at pc=0x00007ff82fa6daf7]

VM state: not at safepoint (not fully initialized)

VM Mutex/Monitor currently owned by a thread:  ([mutex/lock_event])
[0x000002277a241fc0] Heap_lock - owner thread: 0x000002277a247330

Heap address: 0x0000000704800000, size: 4024 MB, Compressed Oops mode: Zero based, Oop shift amount: 3

CDS archive(s) mapped at: [0x0000000000000000-0x0000000000000000-0x0000000000000000), size 0, SharedBaseAddress: 0x0000000800000000, ArchiveRelocationMode: 0.
Narrow klass base: 0x0000000000000000, Narrow klass shift: 0, Narrow klass range: 0x0

GC Precious Log:
<Empty>

Heap:
 garbage-first heap   total 0K, used 0K [0x0000000704800000, 0x0000000800000000)
  region size 2048K, 0 young (0K), 0 survivors (0K)

[error occurred during error reporting (printing heap information), id 0xc0000005, EXCEPTION_ACCESS_VIOLATION (0xc0000005) at pc=0x00007ff82fe50db9]

GC Heap History (0 events):
No events

Dll operation events (1 events):
Event: 0.009 Loaded shared library C:\Users\KOSA\.p2\pool\plugins\org.eclipse.justj.openjdk.hotspot.jre.full.win32.x86_64_17.0.7.v20230425-1502\jre\bin\java.dll

Deoptimization events (0 events):
No events

Classes unloaded (0 events):
No events

Classes redefined (0 events):
No events

Internal exceptions (0 events):
No events

VM Operations (0 events):
No events

Events (0 events):
No events


Dynamic libraries:
0x00007ff710ca0000 - 0x00007ff710cae000 	C:\Users\KOSA\.p2\pool\plugins\org.eclipse.justj.openjdk.hotspot.jre.full.win32.x86_64_17.0.7.v20230425-1502\jre\bin\javaw.exe
0x00007ff8b17d0000 - 0x00007ff8b19e4000 	C:\WINDOWS\SYSTEM32\ntdll.dll
0x00007ff8b1190000 - 0x00007ff8b1252000 	C:\WINDOWS\System32\KERNEL32.DLL
0x00007ff8aedd0000 - 0x00007ff8af173000 	C:\WINDOWS\System32\KERNELBASE.dll
0x00007ff8aecb0000 - 0x00007ff8aedc1000 	C:\WINDOWS\System32\ucrtbase.dll
0x00007ff896350000 - 0x00007ff896367000 	C:\Users\KOSA\.p2\pool\plugins\org.eclipse.justj.openjdk.hotspot.jre.full.win32.x86_64_17.0.7.v20230425-1502\jre\bin\jli.dll
0x00007ff895210000 - 0x00007ff895229000 	C:\Users\KOSA\.p2\pool\plugins\org.eclipse.justj.openjdk.hotspot.jre.full.win32.x86_64_17.0.7.v20230425-1502\jre\bin\VCRUNTIME140.dll
0x00007ff8b0d50000 - 0x00007ff8b0efb000 	C:\WINDOWS\System32\USER32.dll
0x00007ff8af2a0000 - 0x00007ff8af2c6000 	C:\WINDOWS\System32\win32u.dll
0x00007ff8b08a0000 - 0x00007ff8b08c9000 	C:\WINDOWS\System32\GDI32.dll
0x00007ff8af180000 - 0x00007ff8af298000 	C:\WINDOWS\System32\gdi32full.dll
0x00007ff8af2d0000 - 0x00007ff8af36a000 	C:\WINDOWS\System32\msvcp_win.dll
0x00007ff898990000 - 0x00007ff898c1e000 	C:\WINDOWS\WinSxS\amd64_microsoft.windows.common-controls_6595b64144ccf1df_6.0.22621.1635_none_270f70857386168e\COMCTL32.dll
0x00007ff8b02f0000 - 0x00007ff8b0397000 	C:\WINDOWS\System32\msvcrt.dll
0x00007ff8b1510000 - 0x00007ff8b1541000 	C:\WINDOWS\System32\IMM32.DLL
0x00007ff8ac0c0000 - 0x00007ff8ac0cc000 	C:\Users\KOSA\.p2\pool\plugins\org.eclipse.justj.openjdk.hotspot.jre.full.win32.x86_64_17.0.7.v20230425-1502\jre\bin\vcruntime140_1.dll
0x00007ff891110000 - 0x00007ff8911a1000 	C:\Users\KOSA\.p2\pool\plugins\org.eclipse.justj.openjdk.hotspot.jre.full.win32.x86_64_17.0.7.v20230425-1502\jre\bin\msvcp140.dll
0x00007ff82f780000 - 0x00007ff8303c8000 	C:\Users\KOSA\.p2\pool\plugins\org.eclipse.justj.openjdk.hotspot.jre.full.win32.x86_64_17.0.7.v20230425-1502\jre\bin\server\jvm.dll
0x00007ff8af5d0000 - 0x00007ff8af67e000 	C:\WINDOWS\System32\ADVAPI32.dll
0x00007ff8b0f20000 - 0x00007ff8b0fc4000 	C:\WINDOWS\System32\sechost.dll
0x00007ff8b01d0000 - 0x00007ff8b02e7000 	C:\WINDOWS\System32\RPCRT4.dll
0x00007ff8a25e0000 - 0x00007ff8a25ea000 	C:\WINDOWS\SYSTEM32\VERSION.dll
0x00007ff8ab8d0000 - 0x00007ff8ab904000 	C:\WINDOWS\SYSTEM32\WINMM.dll
0x00007ff8a2da0000 - 0x00007ff8a2da9000 	C:\WINDOWS\SYSTEM32\WSOCK32.dll
0x00007ff8b1260000 - 0x00007ff8b12d1000 	C:\WINDOWS\System32\WS2_32.dll
0x00007ff8adc40000 - 0x00007ff8adc58000 	C:\WINDOWS\SYSTEM32\kernel.appcore.dll
0x00007ff8a2880000 - 0x00007ff8a288a000 	C:\Users\KOSA\.p2\pool\plugins\org.eclipse.justj.openjdk.hotspot.jre.full.win32.x86_64_17.0.7.v20230425-1502\jre\bin\jimage.dll
0x00007ff8ac4c0000 - 0x00007ff8ac6ee000 	C:\WINDOWS\SYSTEM32\DBGHELP.DLL
0x00007ff8b0460000 - 0x00007ff8b07e9000 	C:\WINDOWS\System32\combase.dll
0x00007ff8b00f0000 - 0x00007ff8b01c7000 	C:\WINDOWS\System32\OLEAUT32.dll
0x00007ff8ab870000 - 0x00007ff8ab8a2000 	C:\WINDOWS\SYSTEM32\dbgcore.DLL
0x00007ff8af3e0000 - 0x00007ff8af45b000 	C:\WINDOWS\System32\bcryptPrimitives.dll
0x00007ff890bc0000 - 0x00007ff890be5000 	C:\Users\KOSA\.p2\pool\plugins\org.eclipse.justj.openjdk.hotspot.jre.full.win32.x86_64_17.0.7.v20230425-1502\jre\bin\java.dll

dbghelp: loaded successfully - version: 4.0.5 - missing functions: none
symbol engine: initialized successfully - sym options: 0x614 - pdb path: .;C:\Users\KOSA\.p2\pool\plugins\org.eclipse.justj.openjdk.hotspot.jre.full.win32.x86_64_17.0.7.v20230425-1502\jre\bin;C:\WINDOWS\SYSTEM32;C:\WINDOWS\WinSxS\amd64_microsoft.windows.common-controls_6595b64144ccf1df_6.0.22621.1635_none_270f70857386168e;C:\Users\KOSA\.p2\pool\plugins\org.eclipse.justj.openjdk.hotspot.jre.full.win32.x86_64_17.0.7.v20230425-1502\jre\bin\server

VM Arguments:
jvm_args: -Dfile.encoding=UTF-8 -XX:+ShowCodeDetailsInExceptionMessages 
java_command: MainPart.Home
java_class_path (initial): C:\Users\KOSA\eclipse-workspace\MiniProject\bin
Launcher Type: SUN_STANDARD

[Global flags]
     intx CICompilerCount                          = 4                                         {product} {ergonomic}
     uint ConcGCThreads                            = 2                                         {product} {ergonomic}
     uint G1ConcRefinementThreads                  = 8                                         {product} {ergonomic}
   size_t G1HeapRegionSize                         = 2097152                                   {product} {ergonomic}
    uintx GCDrainStackTargetSize                   = 64                                        {product} {ergonomic}
   size_t InitialHeapSize                          = 264241152                                 {product} {ergonomic}
   size_t MarkStackSize                            = 4194304                                   {product} {ergonomic}
   size_t MaxHeapSize                              = 4219469824                                {product} {ergonomic}
   size_t MinHeapDeltaBytes                        = 2097152                                   {product} {ergonomic}
   size_t MinHeapSize                              = 8388608                                   {product} {ergonomic}
    uintx NonNMethodCodeHeapSize                   = 5839372                                {pd product} {ergonomic}
    uintx NonProfiledCodeHeapSize                  = 122909434                              {pd product} {ergonomic}
    uintx ProfiledCodeHeapSize                     = 122909434                              {pd product} {ergonomic}
    uintx ReservedCodeCacheSize                    = 251658240                              {pd product} {ergonomic}
     bool SegmentedCodeCache                       = true                                      {product} {ergonomic}
     bool ShowCodeDetailsInExceptionMessages       = true                                   {manageable} {command line}
   size_t SoftMaxHeapSize                          = 4219469824                             {manageable} {ergonomic}
     bool UseCompressedClassPointers               = true                           {product lp64_product} {ergonomic}
     bool UseCompressedOops                        = true                           {product lp64_product} {ergonomic}
     bool UseG1GC                                  = true                                      {product} {ergonomic}
     bool UseLargePagesIndividualAllocation        = false                                  {pd product} {ergonomic}

Logging:
Log output configuration:
 #0: stdout all=warning uptime,level,tags
 #1: stderr all=off uptime,level,tags

Environment Variables:
PATH=C:/Users/KOSA/.p2/pool/plugins/org.eclipse.justj.openjdk.hotspot.jre.full.win32.x86_64_17.0.7.v20230425-1502/jre/bin/server;C:/Users/KOSA/.p2/pool/plugins/org.eclipse.justj.openjdk.hotspot.jre.full.win32.x86_64_17.0.7.v20230425-1502/jre/bin;C:\WINDOWS\system32;C:\WINDOWS;C:\WINDOWS\System32\Wbem;C:\WINDOWS\System32\WindowsPowerShell\v1.0\;C:\WINDOWS\System32\OpenSSH\;C:\Users\KOSA\AppData\Local\Microsoft\WindowsApps;;C:\WINDOWS\System32;
USERNAME=KOSA
OS=Windows_NT
PROCESSOR_IDENTIFIER=Intel64 Family 6 Model 140 Stepping 1, GenuineIntel
TMP=C:\Users\KOSA\AppData\Local\Temp
TEMP=C:\Users\KOSA\AppData\Local\Temp



---------------  S Y S T E M  ---------------

OS:
 Windows 11 , 64 bit Build 22621 (10.0.22621.1635)
OS uptime: 18 days 3:02 hours

CPU: total 8 (initial active 8) (4 cores per cpu, 2 threads per core) family 6 model 140 stepping 1 microcode 0x9a, cx8, cmov, fxsr, ht, mmx, 3dnowpref, sse, sse2, sse3, ssse3, sse4.1, sse4.2, popcnt, lzcnt, tsc, tscinvbit, avx, avx2, aes, erms, clmul, bmi1, bmi2, adx, avx512f, avx512dq, avx512cd, avx512bw, avx512vl, sha, fma, vzeroupper, avx512_vpopcntdq, avx512_vpclmulqdq, avx512_vaes, avx512_vnni, clflush, clflushopt, clwb, avx512_vbmi2, avx512_vbmi

Memory: 4k page, system-wide physical 16092M (6388M free)
TotalPageFile size 43938M (AvailPageFile size 172M)
current process WorkingSet (physical memory assigned to process): 11M, peak: 11M
current process commit charge ("private bytes"): 60M, peak: 312M

vm_info: OpenJDK 64-Bit Server VM (17.0.7+7) for windows-amd64 JRE (17.0.7+7), built on Apr 18 2023 22:10:42 by "temurin" with MS VC++ 16.7 (VS2019)

END.
